[2026-03-28T09:00:07.135+0000] {processor.py:161} INFO - Started process (PID=205) to work on /opt/airflow/dags/pipeline_dag.py
[2026-03-28T09:00:07.137+0000] {processor.py:830} INFO - Processing file /opt/airflow/dags/pipeline_dag.py for tasks to queue
[2026-03-28T09:00:07.142+0000] {logging_mixin.py:188} INFO - [2026-03-28T09:00:07.141+0000] {dagbag.py:545} INFO - Filling up the DagBag from /opt/airflow/dags/pipeline_dag.py
[2026-03-28T09:00:08.276+0000] {processor.py:840} INFO - DAG(s) 'data_validation_pipeline' retrieved from /opt/airflow/dags/pipeline_dag.py
[2026-03-28T09:00:08.303+0000] {logging_mixin.py:188} INFO - [2026-03-28T09:00:08.302+0000] {dag.py:3096} INFO - Sync 1 DAGs
[2026-03-28T09:00:08.316+0000] {logging_mixin.py:188} INFO - [2026-03-28T09:00:08.315+0000] {dag.py:3954} INFO - Setting next_dagrun for data_validation_pipeline to None, run_after=None
[2026-03-28T09:00:08.338+0000] {processor.py:183} INFO - Processing /opt/airflow/dags/pipeline_dag.py took 1.213 seconds
[2026-03-28T09:00:38.542+0000] {processor.py:161} INFO - Started process (PID=235) to work on /opt/airflow/dags/pipeline_dag.py
[2026-03-28T09:00:38.543+0000] {processor.py:830} INFO - Processing file /opt/airflow/dags/pipeline_dag.py for tasks to queue
[2026-03-28T09:00:38.545+0000] {logging_mixin.py:188} INFO - [2026-03-28T09:00:38.544+0000] {dagbag.py:545} INFO - Filling up the DagBag from /opt/airflow/dags/pipeline_dag.py
[2026-03-28T09:00:38.789+0000] {processor.py:840} INFO - DAG(s) 'data_validation_pipeline' retrieved from /opt/airflow/dags/pipeline_dag.py
[2026-03-28T09:00:38.800+0000] {logging_mixin.py:188} INFO - [2026-03-28T09:00:38.799+0000] {dag.py:3096} INFO - Sync 1 DAGs
[2026-03-28T09:00:38.810+0000] {logging_mixin.py:188} INFO - [2026-03-28T09:00:38.810+0000] {dag.py:3954} INFO - Setting next_dagrun for data_validation_pipeline to None, run_after=None
[2026-03-28T09:00:38.826+0000] {processor.py:183} INFO - Processing /opt/airflow/dags/pipeline_dag.py took 0.290 seconds
[2026-03-28T09:01:09.030+0000] {processor.py:161} INFO - Started process (PID=247) to work on /opt/airflow/dags/pipeline_dag.py
[2026-03-28T09:01:09.031+0000] {processor.py:830} INFO - Processing file /opt/airflow/dags/pipeline_dag.py for tasks to queue
[2026-03-28T09:01:09.032+0000] {logging_mixin.py:188} INFO - [2026-03-28T09:01:09.032+0000] {dagbag.py:545} INFO - Filling up the DagBag from /opt/airflow/dags/pipeline_dag.py
[2026-03-28T09:01:09.332+0000] {processor.py:840} INFO - DAG(s) 'data_validation_pipeline' retrieved from /opt/airflow/dags/pipeline_dag.py
[2026-03-28T09:01:09.661+0000] {logging_mixin.py:188} INFO - [2026-03-28T09:01:09.661+0000] {dag.py:3096} INFO - Sync 1 DAGs
[2026-03-28T09:01:09.669+0000] {logging_mixin.py:188} INFO - [2026-03-28T09:01:09.668+0000] {dag.py:3954} INFO - Setting next_dagrun for data_validation_pipeline to None, run_after=None
[2026-03-28T09:01:09.684+0000] {processor.py:183} INFO - Processing /opt/airflow/dags/pipeline_dag.py took 0.660 seconds
[2026-03-28T09:01:39.848+0000] {processor.py:161} INFO - Started process (PID=259) to work on /opt/airflow/dags/pipeline_dag.py
[2026-03-28T09:01:39.849+0000] {processor.py:830} INFO - Processing file /opt/airflow/dags/pipeline_dag.py for tasks to queue
[2026-03-28T09:01:39.850+0000] {logging_mixin.py:188} INFO - [2026-03-28T09:01:39.850+0000] {dagbag.py:545} INFO - Filling up the DagBag from /opt/airflow/dags/pipeline_dag.py
[2026-03-28T09:01:40.137+0000] {processor.py:840} INFO - DAG(s) 'data_validation_pipeline' retrieved from /opt/airflow/dags/pipeline_dag.py
[2026-03-28T09:01:40.164+0000] {logging_mixin.py:188} INFO - [2026-03-28T09:01:40.164+0000] {dag.py:3096} INFO - Sync 1 DAGs
[2026-03-28T09:01:40.177+0000] {logging_mixin.py:188} INFO - [2026-03-28T09:01:40.177+0000] {dag.py:3954} INFO - Setting next_dagrun for data_validation_pipeline to None, run_after=None
[2026-03-28T09:01:40.196+0000] {processor.py:183} INFO - Processing /opt/airflow/dags/pipeline_dag.py took 0.354 seconds
[2026-03-28T09:02:10.377+0000] {processor.py:161} INFO - Started process (PID=271) to work on /opt/airflow/dags/pipeline_dag.py
[2026-03-28T09:02:10.378+0000] {processor.py:830} INFO - Processing file /opt/airflow/dags/pipeline_dag.py for tasks to queue
[2026-03-28T09:02:10.380+0000] {logging_mixin.py:188} INFO - [2026-03-28T09:02:10.380+0000] {dagbag.py:545} INFO - Filling up the DagBag from /opt/airflow/dags/pipeline_dag.py
[2026-03-28T09:02:10.686+0000] {processor.py:840} INFO - DAG(s) 'data_validation_pipeline' retrieved from /opt/airflow/dags/pipeline_dag.py
[2026-03-28T09:02:10.711+0000] {logging_mixin.py:188} INFO - [2026-03-28T09:02:10.711+0000] {dag.py:3096} INFO - Sync 1 DAGs
[2026-03-28T09:02:10.722+0000] {logging_mixin.py:188} INFO - [2026-03-28T09:02:10.722+0000] {dag.py:3954} INFO - Setting next_dagrun for data_validation_pipeline to None, run_after=None
[2026-03-28T09:02:10.741+0000] {processor.py:183} INFO - Processing /opt/airflow/dags/pipeline_dag.py took 0.370 seconds
[2026-03-28T09:02:40.982+0000] {processor.py:161} INFO - Started process (PID=283) to work on /opt/airflow/dags/pipeline_dag.py
[2026-03-28T09:02:40.983+0000] {processor.py:830} INFO - Processing file /opt/airflow/dags/pipeline_dag.py for tasks to queue
[2026-03-28T09:02:40.984+0000] {logging_mixin.py:188} INFO - [2026-03-28T09:02:40.984+0000] {dagbag.py:545} INFO - Filling up the DagBag from /opt/airflow/dags/pipeline_dag.py
[2026-03-28T09:02:41.285+0000] {processor.py:840} INFO - DAG(s) 'data_validation_pipeline' retrieved from /opt/airflow/dags/pipeline_dag.py
[2026-03-28T09:02:41.305+0000] {logging_mixin.py:188} INFO - [2026-03-28T09:02:41.305+0000] {dag.py:3096} INFO - Sync 1 DAGs
[2026-03-28T09:02:41.315+0000] {logging_mixin.py:188} INFO - [2026-03-28T09:02:41.315+0000] {dag.py:3954} INFO - Setting next_dagrun for data_validation_pipeline to None, run_after=None
[2026-03-28T09:02:41.332+0000] {processor.py:183} INFO - Processing /opt/airflow/dags/pipeline_dag.py took 0.355 seconds
[2026-03-28T09:03:11.748+0000] {processor.py:161} INFO - Started process (PID=295) to work on /opt/airflow/dags/pipeline_dag.py
[2026-03-28T09:03:11.752+0000] {processor.py:830} INFO - Processing file /opt/airflow/dags/pipeline_dag.py for tasks to queue
[2026-03-28T09:03:11.756+0000] {logging_mixin.py:188} INFO - [2026-03-28T09:03:11.755+0000] {dagbag.py:545} INFO - Filling up the DagBag from /opt/airflow/dags/pipeline_dag.py
[2026-03-28T09:03:12.103+0000] {processor.py:840} INFO - DAG(s) 'data_validation_pipeline' retrieved from /opt/airflow/dags/pipeline_dag.py
[2026-03-28T09:03:12.132+0000] {logging_mixin.py:188} INFO - [2026-03-28T09:03:12.131+0000] {dag.py:3096} INFO - Sync 1 DAGs
[2026-03-28T09:03:12.144+0000] {logging_mixin.py:188} INFO - [2026-03-28T09:03:12.144+0000] {dag.py:3954} INFO - Setting next_dagrun for data_validation_pipeline to None, run_after=None
[2026-03-28T09:03:12.162+0000] {processor.py:183} INFO - Processing /opt/airflow/dags/pipeline_dag.py took 0.427 seconds
[2026-03-28T09:03:42.311+0000] {processor.py:161} INFO - Started process (PID=307) to work on /opt/airflow/dags/pipeline_dag.py
[2026-03-28T09:03:42.314+0000] {processor.py:830} INFO - Processing file /opt/airflow/dags/pipeline_dag.py for tasks to queue
[2026-03-28T09:03:42.317+0000] {logging_mixin.py:188} INFO - [2026-03-28T09:03:42.317+0000] {dagbag.py:545} INFO - Filling up the DagBag from /opt/airflow/dags/pipeline_dag.py
[2026-03-28T09:03:42.608+0000] {processor.py:840} INFO - DAG(s) 'data_validation_pipeline' retrieved from /opt/airflow/dags/pipeline_dag.py
[2026-03-28T09:03:42.633+0000] {logging_mixin.py:188} INFO - [2026-03-28T09:03:42.633+0000] {dag.py:3096} INFO - Sync 1 DAGs
[2026-03-28T09:03:42.645+0000] {logging_mixin.py:188} INFO - [2026-03-28T09:03:42.644+0000] {dag.py:3954} INFO - Setting next_dagrun for data_validation_pipeline to None, run_after=None
[2026-03-28T09:03:42.663+0000] {processor.py:183} INFO - Processing /opt/airflow/dags/pipeline_dag.py took 0.357 seconds
[2026-03-28T09:04:12.863+0000] {processor.py:161} INFO - Started process (PID=319) to work on /opt/airflow/dags/pipeline_dag.py
[2026-03-28T09:04:12.864+0000] {processor.py:830} INFO - Processing file /opt/airflow/dags/pipeline_dag.py for tasks to queue
[2026-03-28T09:04:12.865+0000] {logging_mixin.py:188} INFO - [2026-03-28T09:04:12.865+0000] {dagbag.py:545} INFO - Filling up the DagBag from /opt/airflow/dags/pipeline_dag.py
[2026-03-28T09:04:13.115+0000] {processor.py:840} INFO - DAG(s) 'data_validation_pipeline' retrieved from /opt/airflow/dags/pipeline_dag.py
[2026-03-28T09:04:13.140+0000] {logging_mixin.py:188} INFO - [2026-03-28T09:04:13.139+0000] {dag.py:3096} INFO - Sync 1 DAGs
[2026-03-28T09:04:13.151+0000] {logging_mixin.py:188} INFO - [2026-03-28T09:04:13.151+0000] {dag.py:3954} INFO - Setting next_dagrun for data_validation_pipeline to None, run_after=None
[2026-03-28T09:04:13.168+0000] {processor.py:183} INFO - Processing /opt/airflow/dags/pipeline_dag.py took 0.310 seconds
[2026-03-28T09:05:08.282+0000] {processor.py:161} INFO - Started process (PID=213) to work on /opt/airflow/dags/pipeline_dag.py
[2026-03-28T09:05:08.283+0000] {processor.py:830} INFO - Processing file /opt/airflow/dags/pipeline_dag.py for tasks to queue
[2026-03-28T09:05:08.286+0000] {logging_mixin.py:188} INFO - [2026-03-28T09:05:08.285+0000] {dagbag.py:545} INFO - Filling up the DagBag from /opt/airflow/dags/pipeline_dag.py
[2026-03-28T09:05:09.787+0000] {processor.py:840} INFO - DAG(s) 'data_validation_pipeline' retrieved from /opt/airflow/dags/pipeline_dag.py
[2026-03-28T09:05:10.017+0000] {logging_mixin.py:188} INFO - [2026-03-28T09:05:10.017+0000] {override.py:1829} INFO - Created Permission View: can edit on DAG:data_validation_pipeline
[2026-03-28T09:05:10.179+0000] {logging_mixin.py:188} INFO - [2026-03-28T09:05:10.179+0000] {override.py:1829} INFO - Created Permission View: can read on DAG:data_validation_pipeline
[2026-03-28T09:05:10.187+0000] {logging_mixin.py:188} INFO - [2026-03-28T09:05:10.187+0000] {override.py:1829} INFO - Created Permission View: can delete on DAG:data_validation_pipeline
[2026-03-28T09:05:10.189+0000] {logging_mixin.py:188} INFO - [2026-03-28T09:05:10.188+0000] {dag.py:3096} INFO - Sync 1 DAGs
[2026-03-28T09:05:10.198+0000] {logging_mixin.py:188} INFO - [2026-03-28T09:05:10.198+0000] {dag.py:3118} INFO - Creating ORM DAG for data_validation_pipeline
[2026-03-28T09:05:10.200+0000] {logging_mixin.py:188} INFO - [2026-03-28T09:05:10.200+0000] {dag.py:3954} INFO - Setting next_dagrun for data_validation_pipeline to None, run_after=None
[2026-03-28T09:05:10.227+0000] {processor.py:183} INFO - Processing /opt/airflow/dags/pipeline_dag.py took 1.953 seconds
[2026-03-28T09:05:40.456+0000] {processor.py:161} INFO - Started process (PID=237) to work on /opt/airflow/dags/pipeline_dag.py
[2026-03-28T09:05:40.457+0000] {processor.py:830} INFO - Processing file /opt/airflow/dags/pipeline_dag.py for tasks to queue
[2026-03-28T09:05:40.459+0000] {logging_mixin.py:188} INFO - [2026-03-28T09:05:40.459+0000] {dagbag.py:545} INFO - Filling up the DagBag from /opt/airflow/dags/pipeline_dag.py
[2026-03-28T09:05:40.717+0000] {processor.py:840} INFO - DAG(s) 'data_validation_pipeline' retrieved from /opt/airflow/dags/pipeline_dag.py
[2026-03-28T09:05:40.738+0000] {logging_mixin.py:188} INFO - [2026-03-28T09:05:40.738+0000] {dag.py:3096} INFO - Sync 1 DAGs
[2026-03-28T09:05:40.748+0000] {logging_mixin.py:188} INFO - [2026-03-28T09:05:40.748+0000] {dag.py:3954} INFO - Setting next_dagrun for data_validation_pipeline to None, run_after=None
[2026-03-28T09:05:40.765+0000] {processor.py:183} INFO - Processing /opt/airflow/dags/pipeline_dag.py took 0.315 seconds
[2026-03-28T09:06:10.990+0000] {processor.py:161} INFO - Started process (PID=262) to work on /opt/airflow/dags/pipeline_dag.py
[2026-03-28T09:06:10.991+0000] {processor.py:830} INFO - Processing file /opt/airflow/dags/pipeline_dag.py for tasks to queue
[2026-03-28T09:06:10.993+0000] {logging_mixin.py:188} INFO - [2026-03-28T09:06:10.993+0000] {dagbag.py:545} INFO - Filling up the DagBag from /opt/airflow/dags/pipeline_dag.py
[2026-03-28T09:06:11.228+0000] {processor.py:840} INFO - DAG(s) 'data_validation_pipeline' retrieved from /opt/airflow/dags/pipeline_dag.py
[2026-03-28T09:06:11.247+0000] {logging_mixin.py:188} INFO - [2026-03-28T09:06:11.247+0000] {dag.py:3096} INFO - Sync 1 DAGs
[2026-03-28T09:06:11.256+0000] {logging_mixin.py:188} INFO - [2026-03-28T09:06:11.256+0000] {dag.py:3954} INFO - Setting next_dagrun for data_validation_pipeline to None, run_after=None
[2026-03-28T09:06:11.269+0000] {processor.py:183} INFO - Processing /opt/airflow/dags/pipeline_dag.py took 0.285 seconds
[2026-03-28T09:06:41.480+0000] {processor.py:161} INFO - Started process (PID=274) to work on /opt/airflow/dags/pipeline_dag.py
[2026-03-28T09:06:41.482+0000] {processor.py:830} INFO - Processing file /opt/airflow/dags/pipeline_dag.py for tasks to queue
[2026-03-28T09:06:41.485+0000] {logging_mixin.py:188} INFO - [2026-03-28T09:06:41.484+0000] {dagbag.py:545} INFO - Filling up the DagBag from /opt/airflow/dags/pipeline_dag.py
[2026-03-28T09:06:41.855+0000] {processor.py:840} INFO - DAG(s) 'data_validation_pipeline' retrieved from /opt/airflow/dags/pipeline_dag.py
[2026-03-28T09:06:41.884+0000] {logging_mixin.py:188} INFO - [2026-03-28T09:06:41.883+0000] {dag.py:3096} INFO - Sync 1 DAGs
[2026-03-28T09:06:41.894+0000] {logging_mixin.py:188} INFO - [2026-03-28T09:06:41.894+0000] {dag.py:3954} INFO - Setting next_dagrun for data_validation_pipeline to None, run_after=None
[2026-03-28T09:06:41.911+0000] {processor.py:183} INFO - Processing /opt/airflow/dags/pipeline_dag.py took 0.438 seconds
[2026-03-28T09:07:12.119+0000] {processor.py:161} INFO - Started process (PID=286) to work on /opt/airflow/dags/pipeline_dag.py
[2026-03-28T09:07:12.120+0000] {processor.py:830} INFO - Processing file /opt/airflow/dags/pipeline_dag.py for tasks to queue
[2026-03-28T09:07:12.122+0000] {logging_mixin.py:188} INFO - [2026-03-28T09:07:12.121+0000] {dagbag.py:545} INFO - Filling up the DagBag from /opt/airflow/dags/pipeline_dag.py
[2026-03-28T09:07:12.373+0000] {processor.py:840} INFO - DAG(s) 'data_validation_pipeline' retrieved from /opt/airflow/dags/pipeline_dag.py
[2026-03-28T09:07:12.394+0000] {logging_mixin.py:188} INFO - [2026-03-28T09:07:12.393+0000] {dag.py:3096} INFO - Sync 1 DAGs
[2026-03-28T09:07:12.402+0000] {logging_mixin.py:188} INFO - [2026-03-28T09:07:12.402+0000] {dag.py:3954} INFO - Setting next_dagrun for data_validation_pipeline to None, run_after=None
[2026-03-28T09:07:12.418+0000] {processor.py:183} INFO - Processing /opt/airflow/dags/pipeline_dag.py took 0.305 seconds
[2026-03-28T09:07:42.595+0000] {processor.py:161} INFO - Started process (PID=298) to work on /opt/airflow/dags/pipeline_dag.py
[2026-03-28T09:07:42.595+0000] {processor.py:830} INFO - Processing file /opt/airflow/dags/pipeline_dag.py for tasks to queue
[2026-03-28T09:07:42.597+0000] {logging_mixin.py:188} INFO - [2026-03-28T09:07:42.597+0000] {dagbag.py:545} INFO - Filling up the DagBag from /opt/airflow/dags/pipeline_dag.py
[2026-03-28T09:07:42.885+0000] {processor.py:840} INFO - DAG(s) 'data_validation_pipeline' retrieved from /opt/airflow/dags/pipeline_dag.py
[2026-03-28T09:07:42.907+0000] {logging_mixin.py:188} INFO - [2026-03-28T09:07:42.907+0000] {dag.py:3096} INFO - Sync 1 DAGs
[2026-03-28T09:07:42.917+0000] {logging_mixin.py:188} INFO - [2026-03-28T09:07:42.917+0000] {dag.py:3954} INFO - Setting next_dagrun for data_validation_pipeline to None, run_after=None
[2026-03-28T09:07:42.933+0000] {processor.py:183} INFO - Processing /opt/airflow/dags/pipeline_dag.py took 0.345 seconds
[2026-03-28T09:08:13.166+0000] {processor.py:161} INFO - Started process (PID=310) to work on /opt/airflow/dags/pipeline_dag.py
[2026-03-28T09:08:13.167+0000] {processor.py:830} INFO - Processing file /opt/airflow/dags/pipeline_dag.py for tasks to queue
[2026-03-28T09:08:13.170+0000] {logging_mixin.py:188} INFO - [2026-03-28T09:08:13.169+0000] {dagbag.py:545} INFO - Filling up the DagBag from /opt/airflow/dags/pipeline_dag.py
[2026-03-28T09:08:13.515+0000] {processor.py:840} INFO - DAG(s) 'data_validation_pipeline' retrieved from /opt/airflow/dags/pipeline_dag.py
[2026-03-28T09:08:13.552+0000] {logging_mixin.py:188} INFO - [2026-03-28T09:08:13.552+0000] {dag.py:3096} INFO - Sync 1 DAGs
[2026-03-28T09:08:13.570+0000] {logging_mixin.py:188} INFO - [2026-03-28T09:08:13.570+0000] {dag.py:3954} INFO - Setting next_dagrun for data_validation_pipeline to None, run_after=None
[2026-03-28T09:08:13.595+0000] {processor.py:183} INFO - Processing /opt/airflow/dags/pipeline_dag.py took 0.437 seconds
[2026-03-28T09:08:43.785+0000] {processor.py:161} INFO - Started process (PID=322) to work on /opt/airflow/dags/pipeline_dag.py
[2026-03-28T09:08:43.786+0000] {processor.py:830} INFO - Processing file /opt/airflow/dags/pipeline_dag.py for tasks to queue
[2026-03-28T09:08:43.787+0000] {logging_mixin.py:188} INFO - [2026-03-28T09:08:43.787+0000] {dagbag.py:545} INFO - Filling up the DagBag from /opt/airflow/dags/pipeline_dag.py
[2026-03-28T09:08:44.036+0000] {processor.py:840} INFO - DAG(s) 'data_validation_pipeline' retrieved from /opt/airflow/dags/pipeline_dag.py
[2026-03-28T09:08:44.059+0000] {logging_mixin.py:188} INFO - [2026-03-28T09:08:44.059+0000] {dag.py:3096} INFO - Sync 1 DAGs
[2026-03-28T09:08:44.068+0000] {logging_mixin.py:188} INFO - [2026-03-28T09:08:44.068+0000] {dag.py:3954} INFO - Setting next_dagrun for data_validation_pipeline to None, run_after=None
[2026-03-28T09:08:44.192+0000] {processor.py:183} INFO - Processing /opt/airflow/dags/pipeline_dag.py took 0.412 seconds
[2026-03-28T09:09:14.394+0000] {processor.py:161} INFO - Started process (PID=334) to work on /opt/airflow/dags/pipeline_dag.py
[2026-03-28T09:09:14.395+0000] {processor.py:830} INFO - Processing file /opt/airflow/dags/pipeline_dag.py for tasks to queue
[2026-03-28T09:09:14.397+0000] {logging_mixin.py:188} INFO - [2026-03-28T09:09:14.396+0000] {dagbag.py:545} INFO - Filling up the DagBag from /opt/airflow/dags/pipeline_dag.py
[2026-03-28T09:09:14.706+0000] {processor.py:840} INFO - DAG(s) 'data_validation_pipeline' retrieved from /opt/airflow/dags/pipeline_dag.py
[2026-03-28T09:09:14.730+0000] {logging_mixin.py:188} INFO - [2026-03-28T09:09:14.730+0000] {dag.py:3096} INFO - Sync 1 DAGs
[2026-03-28T09:09:14.741+0000] {logging_mixin.py:188} INFO - [2026-03-28T09:09:14.741+0000] {dag.py:3954} INFO - Setting next_dagrun for data_validation_pipeline to None, run_after=None
[2026-03-28T09:09:14.758+0000] {processor.py:183} INFO - Processing /opt/airflow/dags/pipeline_dag.py took 0.369 seconds
[2026-03-28T09:09:44.934+0000] {processor.py:161} INFO - Started process (PID=346) to work on /opt/airflow/dags/pipeline_dag.py
[2026-03-28T09:09:44.935+0000] {processor.py:830} INFO - Processing file /opt/airflow/dags/pipeline_dag.py for tasks to queue
[2026-03-28T09:09:44.936+0000] {logging_mixin.py:188} INFO - [2026-03-28T09:09:44.936+0000] {dagbag.py:545} INFO - Filling up the DagBag from /opt/airflow/dags/pipeline_dag.py
[2026-03-28T09:09:45.199+0000] {processor.py:840} INFO - DAG(s) 'data_validation_pipeline' retrieved from /opt/airflow/dags/pipeline_dag.py
[2026-03-28T09:09:45.226+0000] {logging_mixin.py:188} INFO - [2026-03-28T09:09:45.226+0000] {dag.py:3096} INFO - Sync 1 DAGs
[2026-03-28T09:09:45.238+0000] {logging_mixin.py:188} INFO - [2026-03-28T09:09:45.238+0000] {dag.py:3954} INFO - Setting next_dagrun for data_validation_pipeline to None, run_after=None
[2026-03-28T09:09:45.255+0000] {processor.py:183} INFO - Processing /opt/airflow/dags/pipeline_dag.py took 0.326 seconds
[2026-03-28T09:10:15.463+0000] {processor.py:161} INFO - Started process (PID=358) to work on /opt/airflow/dags/pipeline_dag.py
[2026-03-28T09:10:15.464+0000] {processor.py:830} INFO - Processing file /opt/airflow/dags/pipeline_dag.py for tasks to queue
[2026-03-28T09:10:15.467+0000] {logging_mixin.py:188} INFO - [2026-03-28T09:10:15.466+0000] {dagbag.py:545} INFO - Filling up the DagBag from /opt/airflow/dags/pipeline_dag.py
[2026-03-28T09:10:15.728+0000] {processor.py:840} INFO - DAG(s) 'data_validation_pipeline' retrieved from /opt/airflow/dags/pipeline_dag.py
[2026-03-28T09:10:15.748+0000] {logging_mixin.py:188} INFO - [2026-03-28T09:10:15.748+0000] {dag.py:3096} INFO - Sync 1 DAGs
[2026-03-28T09:10:15.758+0000] {logging_mixin.py:188} INFO - [2026-03-28T09:10:15.758+0000] {dag.py:3954} INFO - Setting next_dagrun for data_validation_pipeline to None, run_after=None
[2026-03-28T09:10:15.772+0000] {processor.py:183} INFO - Processing /opt/airflow/dags/pipeline_dag.py took 0.315 seconds
[2026-03-28T09:10:45.984+0000] {processor.py:161} INFO - Started process (PID=370) to work on /opt/airflow/dags/pipeline_dag.py
[2026-03-28T09:10:45.985+0000] {processor.py:830} INFO - Processing file /opt/airflow/dags/pipeline_dag.py for tasks to queue
[2026-03-28T09:10:45.987+0000] {logging_mixin.py:188} INFO - [2026-03-28T09:10:45.986+0000] {dagbag.py:545} INFO - Filling up the DagBag from /opt/airflow/dags/pipeline_dag.py
[2026-03-28T09:10:46.207+0000] {processor.py:840} INFO - DAG(s) 'data_validation_pipeline' retrieved from /opt/airflow/dags/pipeline_dag.py
[2026-03-28T09:10:46.226+0000] {logging_mixin.py:188} INFO - [2026-03-28T09:10:46.225+0000] {dag.py:3096} INFO - Sync 1 DAGs
[2026-03-28T09:10:46.234+0000] {logging_mixin.py:188} INFO - [2026-03-28T09:10:46.234+0000] {dag.py:3954} INFO - Setting next_dagrun for data_validation_pipeline to None, run_after=None
[2026-03-28T09:10:46.249+0000] {processor.py:183} INFO - Processing /opt/airflow/dags/pipeline_dag.py took 0.270 seconds
[2026-03-28T09:11:16.444+0000] {processor.py:161} INFO - Started process (PID=382) to work on /opt/airflow/dags/pipeline_dag.py
[2026-03-28T09:11:16.446+0000] {processor.py:830} INFO - Processing file /opt/airflow/dags/pipeline_dag.py for tasks to queue
[2026-03-28T09:11:16.448+0000] {logging_mixin.py:188} INFO - [2026-03-28T09:11:16.447+0000] {dagbag.py:545} INFO - Filling up the DagBag from /opt/airflow/dags/pipeline_dag.py
[2026-03-28T09:11:16.714+0000] {processor.py:840} INFO - DAG(s) 'data_validation_pipeline' retrieved from /opt/airflow/dags/pipeline_dag.py
[2026-03-28T09:11:16.732+0000] {logging_mixin.py:188} INFO - [2026-03-28T09:11:16.732+0000] {dag.py:3096} INFO - Sync 1 DAGs
[2026-03-28T09:11:16.741+0000] {logging_mixin.py:188} INFO - [2026-03-28T09:11:16.740+0000] {dag.py:3954} INFO - Setting next_dagrun for data_validation_pipeline to None, run_after=None
[2026-03-28T09:11:16.755+0000] {processor.py:183} INFO - Processing /opt/airflow/dags/pipeline_dag.py took 0.317 seconds
[2026-03-28T09:11:46.975+0000] {processor.py:161} INFO - Started process (PID=394) to work on /opt/airflow/dags/pipeline_dag.py
[2026-03-28T09:11:46.976+0000] {processor.py:830} INFO - Processing file /opt/airflow/dags/pipeline_dag.py for tasks to queue
[2026-03-28T09:11:46.978+0000] {logging_mixin.py:188} INFO - [2026-03-28T09:11:46.978+0000] {dagbag.py:545} INFO - Filling up the DagBag from /opt/airflow/dags/pipeline_dag.py
[2026-03-28T09:11:47.266+0000] {processor.py:840} INFO - DAG(s) 'data_validation_pipeline' retrieved from /opt/airflow/dags/pipeline_dag.py
[2026-03-28T09:11:47.288+0000] {logging_mixin.py:188} INFO - [2026-03-28T09:11:47.288+0000] {dag.py:3096} INFO - Sync 1 DAGs
[2026-03-28T09:11:47.298+0000] {logging_mixin.py:188} INFO - [2026-03-28T09:11:47.298+0000] {dag.py:3954} INFO - Setting next_dagrun for data_validation_pipeline to None, run_after=None
[2026-03-28T09:11:47.505+0000] {processor.py:183} INFO - Processing /opt/airflow/dags/pipeline_dag.py took 0.535 seconds
[2026-03-28T09:12:17.726+0000] {processor.py:161} INFO - Started process (PID=406) to work on /opt/airflow/dags/pipeline_dag.py
[2026-03-28T09:12:17.727+0000] {processor.py:830} INFO - Processing file /opt/airflow/dags/pipeline_dag.py for tasks to queue
[2026-03-28T09:12:17.729+0000] {logging_mixin.py:188} INFO - [2026-03-28T09:12:17.729+0000] {dagbag.py:545} INFO - Filling up the DagBag from /opt/airflow/dags/pipeline_dag.py
[2026-03-28T09:12:17.989+0000] {processor.py:840} INFO - DAG(s) 'data_validation_pipeline' retrieved from /opt/airflow/dags/pipeline_dag.py
[2026-03-28T09:12:18.010+0000] {logging_mixin.py:188} INFO - [2026-03-28T09:12:18.010+0000] {dag.py:3096} INFO - Sync 1 DAGs
[2026-03-28T09:12:18.021+0000] {logging_mixin.py:188} INFO - [2026-03-28T09:12:18.021+0000] {dag.py:3954} INFO - Setting next_dagrun for data_validation_pipeline to None, run_after=None
[2026-03-28T09:12:18.038+0000] {processor.py:183} INFO - Processing /opt/airflow/dags/pipeline_dag.py took 0.319 seconds
[2026-03-28T09:12:48.227+0000] {processor.py:161} INFO - Started process (PID=418) to work on /opt/airflow/dags/pipeline_dag.py
[2026-03-28T09:12:48.228+0000] {processor.py:830} INFO - Processing file /opt/airflow/dags/pipeline_dag.py for tasks to queue
[2026-03-28T09:12:48.229+0000] {logging_mixin.py:188} INFO - [2026-03-28T09:12:48.229+0000] {dagbag.py:545} INFO - Filling up the DagBag from /opt/airflow/dags/pipeline_dag.py
[2026-03-28T09:12:48.482+0000] {processor.py:840} INFO - DAG(s) 'data_validation_pipeline' retrieved from /opt/airflow/dags/pipeline_dag.py
[2026-03-28T09:12:48.503+0000] {logging_mixin.py:188} INFO - [2026-03-28T09:12:48.503+0000] {dag.py:3096} INFO - Sync 1 DAGs
[2026-03-28T09:12:48.512+0000] {logging_mixin.py:188} INFO - [2026-03-28T09:12:48.512+0000] {dag.py:3954} INFO - Setting next_dagrun for data_validation_pipeline to None, run_after=None
[2026-03-28T09:12:48.526+0000] {processor.py:183} INFO - Processing /opt/airflow/dags/pipeline_dag.py took 0.304 seconds
[2026-03-28T09:13:18.695+0000] {processor.py:161} INFO - Started process (PID=430) to work on /opt/airflow/dags/pipeline_dag.py
[2026-03-28T09:13:18.696+0000] {processor.py:830} INFO - Processing file /opt/airflow/dags/pipeline_dag.py for tasks to queue
[2026-03-28T09:13:18.699+0000] {logging_mixin.py:188} INFO - [2026-03-28T09:13:18.698+0000] {dagbag.py:545} INFO - Filling up the DagBag from /opt/airflow/dags/pipeline_dag.py
[2026-03-28T09:13:18.964+0000] {processor.py:840} INFO - DAG(s) 'data_validation_pipeline' retrieved from /opt/airflow/dags/pipeline_dag.py
[2026-03-28T09:13:18.984+0000] {logging_mixin.py:188} INFO - [2026-03-28T09:13:18.984+0000] {dag.py:3096} INFO - Sync 1 DAGs
[2026-03-28T09:13:18.994+0000] {logging_mixin.py:188} INFO - [2026-03-28T09:13:18.994+0000] {dag.py:3954} INFO - Setting next_dagrun for data_validation_pipeline to None, run_after=None
[2026-03-28T09:13:19.010+0000] {processor.py:183} INFO - Processing /opt/airflow/dags/pipeline_dag.py took 0.321 seconds
[2026-03-28T09:13:49.210+0000] {processor.py:161} INFO - Started process (PID=442) to work on /opt/airflow/dags/pipeline_dag.py
[2026-03-28T09:13:49.211+0000] {processor.py:830} INFO - Processing file /opt/airflow/dags/pipeline_dag.py for tasks to queue
[2026-03-28T09:13:49.213+0000] {logging_mixin.py:188} INFO - [2026-03-28T09:13:49.212+0000] {dagbag.py:545} INFO - Filling up the DagBag from /opt/airflow/dags/pipeline_dag.py
[2026-03-28T09:13:49.557+0000] {processor.py:840} INFO - DAG(s) 'data_validation_pipeline' retrieved from /opt/airflow/dags/pipeline_dag.py
[2026-03-28T09:13:49.580+0000] {logging_mixin.py:188} INFO - [2026-03-28T09:13:49.580+0000] {dag.py:3096} INFO - Sync 1 DAGs
[2026-03-28T09:13:49.591+0000] {logging_mixin.py:188} INFO - [2026-03-28T09:13:49.591+0000] {dag.py:3954} INFO - Setting next_dagrun for data_validation_pipeline to None, run_after=None
[2026-03-28T09:13:49.606+0000] {processor.py:183} INFO - Processing /opt/airflow/dags/pipeline_dag.py took 0.402 seconds
[2026-03-28T09:14:19.811+0000] {processor.py:161} INFO - Started process (PID=454) to work on /opt/airflow/dags/pipeline_dag.py
[2026-03-28T09:14:19.812+0000] {processor.py:830} INFO - Processing file /opt/airflow/dags/pipeline_dag.py for tasks to queue
[2026-03-28T09:14:19.814+0000] {logging_mixin.py:188} INFO - [2026-03-28T09:14:19.814+0000] {dagbag.py:545} INFO - Filling up the DagBag from /opt/airflow/dags/pipeline_dag.py
[2026-03-28T09:14:20.214+0000] {processor.py:840} INFO - DAG(s) 'data_validation_pipeline' retrieved from /opt/airflow/dags/pipeline_dag.py
[2026-03-28T09:14:20.251+0000] {logging_mixin.py:188} INFO - [2026-03-28T09:14:20.251+0000] {dag.py:3096} INFO - Sync 1 DAGs
[2026-03-28T09:14:20.261+0000] {logging_mixin.py:188} INFO - [2026-03-28T09:14:20.261+0000] {dag.py:3954} INFO - Setting next_dagrun for data_validation_pipeline to None, run_after=None
[2026-03-28T09:14:20.279+0000] {processor.py:183} INFO - Processing /opt/airflow/dags/pipeline_dag.py took 0.474 seconds
[2026-03-28T09:14:50.489+0000] {processor.py:161} INFO - Started process (PID=467) to work on /opt/airflow/dags/pipeline_dag.py
[2026-03-28T09:14:50.490+0000] {processor.py:830} INFO - Processing file /opt/airflow/dags/pipeline_dag.py for tasks to queue
[2026-03-28T09:14:50.492+0000] {logging_mixin.py:188} INFO - [2026-03-28T09:14:50.491+0000] {dagbag.py:545} INFO - Filling up the DagBag from /opt/airflow/dags/pipeline_dag.py
[2026-03-28T09:14:50.730+0000] {processor.py:840} INFO - DAG(s) 'data_validation_pipeline' retrieved from /opt/airflow/dags/pipeline_dag.py
[2026-03-28T09:14:50.750+0000] {logging_mixin.py:188} INFO - [2026-03-28T09:14:50.750+0000] {dag.py:3096} INFO - Sync 1 DAGs
[2026-03-28T09:14:50.760+0000] {logging_mixin.py:188} INFO - [2026-03-28T09:14:50.760+0000] {dag.py:3954} INFO - Setting next_dagrun for data_validation_pipeline to None, run_after=None
[2026-03-28T09:14:50.893+0000] {processor.py:183} INFO - Processing /opt/airflow/dags/pipeline_dag.py took 0.410 seconds
[2026-03-28T09:15:21.148+0000] {processor.py:161} INFO - Started process (PID=479) to work on /opt/airflow/dags/pipeline_dag.py
[2026-03-28T09:15:21.149+0000] {processor.py:830} INFO - Processing file /opt/airflow/dags/pipeline_dag.py for tasks to queue
[2026-03-28T09:15:21.151+0000] {logging_mixin.py:188} INFO - [2026-03-28T09:15:21.151+0000] {dagbag.py:545} INFO - Filling up the DagBag from /opt/airflow/dags/pipeline_dag.py
[2026-03-28T09:15:21.464+0000] {processor.py:840} INFO - DAG(s) 'data_validation_pipeline' retrieved from /opt/airflow/dags/pipeline_dag.py
[2026-03-28T09:15:21.491+0000] {logging_mixin.py:188} INFO - [2026-03-28T09:15:21.491+0000] {dag.py:3096} INFO - Sync 1 DAGs
[2026-03-28T09:15:21.505+0000] {logging_mixin.py:188} INFO - [2026-03-28T09:15:21.505+0000] {dag.py:3954} INFO - Setting next_dagrun for data_validation_pipeline to None, run_after=None
[2026-03-28T09:15:21.525+0000] {processor.py:183} INFO - Processing /opt/airflow/dags/pipeline_dag.py took 0.386 seconds
[2026-03-28T09:15:51.746+0000] {processor.py:161} INFO - Started process (PID=491) to work on /opt/airflow/dags/pipeline_dag.py
[2026-03-28T09:15:51.747+0000] {processor.py:830} INFO - Processing file /opt/airflow/dags/pipeline_dag.py for tasks to queue
[2026-03-28T09:15:51.749+0000] {logging_mixin.py:188} INFO - [2026-03-28T09:15:51.749+0000] {dagbag.py:545} INFO - Filling up the DagBag from /opt/airflow/dags/pipeline_dag.py
[2026-03-28T09:15:52.010+0000] {processor.py:840} INFO - DAG(s) 'data_validation_pipeline' retrieved from /opt/airflow/dags/pipeline_dag.py
[2026-03-28T09:15:52.038+0000] {logging_mixin.py:188} INFO - [2026-03-28T09:15:52.038+0000] {dag.py:3096} INFO - Sync 1 DAGs
[2026-03-28T09:15:52.049+0000] {logging_mixin.py:188} INFO - [2026-03-28T09:15:52.049+0000] {dag.py:3954} INFO - Setting next_dagrun for data_validation_pipeline to None, run_after=None
[2026-03-28T09:15:52.067+0000] {processor.py:183} INFO - Processing /opt/airflow/dags/pipeline_dag.py took 0.326 seconds
[2026-03-28T09:16:22.290+0000] {processor.py:161} INFO - Started process (PID=509) to work on /opt/airflow/dags/pipeline_dag.py
[2026-03-28T09:16:22.291+0000] {processor.py:830} INFO - Processing file /opt/airflow/dags/pipeline_dag.py for tasks to queue
[2026-03-28T09:16:22.293+0000] {logging_mixin.py:188} INFO - [2026-03-28T09:16:22.293+0000] {dagbag.py:545} INFO - Filling up the DagBag from /opt/airflow/dags/pipeline_dag.py
[2026-03-28T09:16:22.541+0000] {processor.py:840} INFO - DAG(s) 'data_validation_pipeline' retrieved from /opt/airflow/dags/pipeline_dag.py
[2026-03-28T09:16:22.560+0000] {logging_mixin.py:188} INFO - [2026-03-28T09:16:22.559+0000] {dag.py:3096} INFO - Sync 1 DAGs
[2026-03-28T09:16:22.568+0000] {logging_mixin.py:188} INFO - [2026-03-28T09:16:22.567+0000] {dag.py:3954} INFO - Setting next_dagrun for data_validation_pipeline to None, run_after=None
[2026-03-28T09:16:22.580+0000] {processor.py:183} INFO - Processing /opt/airflow/dags/pipeline_dag.py took 0.295 seconds
[2026-03-28T09:16:52.764+0000] {processor.py:161} INFO - Started process (PID=521) to work on /opt/airflow/dags/pipeline_dag.py
[2026-03-28T09:16:52.765+0000] {processor.py:830} INFO - Processing file /opt/airflow/dags/pipeline_dag.py for tasks to queue
[2026-03-28T09:16:52.767+0000] {logging_mixin.py:188} INFO - [2026-03-28T09:16:52.767+0000] {dagbag.py:545} INFO - Filling up the DagBag from /opt/airflow/dags/pipeline_dag.py
[2026-03-28T09:16:53.032+0000] {processor.py:840} INFO - DAG(s) 'data_validation_pipeline' retrieved from /opt/airflow/dags/pipeline_dag.py
[2026-03-28T09:16:53.058+0000] {logging_mixin.py:188} INFO - [2026-03-28T09:16:53.058+0000] {dag.py:3096} INFO - Sync 1 DAGs
[2026-03-28T09:16:53.068+0000] {logging_mixin.py:188} INFO - [2026-03-28T09:16:53.068+0000] {dag.py:3954} INFO - Setting next_dagrun for data_validation_pipeline to None, run_after=None
[2026-03-28T09:16:53.084+0000] {processor.py:183} INFO - Processing /opt/airflow/dags/pipeline_dag.py took 0.324 seconds
[2026-03-28T09:17:23.279+0000] {processor.py:161} INFO - Started process (PID=533) to work on /opt/airflow/dags/pipeline_dag.py
[2026-03-28T09:17:23.279+0000] {processor.py:830} INFO - Processing file /opt/airflow/dags/pipeline_dag.py for tasks to queue
[2026-03-28T09:17:23.281+0000] {logging_mixin.py:188} INFO - [2026-03-28T09:17:23.281+0000] {dagbag.py:545} INFO - Filling up the DagBag from /opt/airflow/dags/pipeline_dag.py
[2026-03-28T09:17:23.487+0000] {processor.py:840} INFO - DAG(s) 'data_validation_pipeline' retrieved from /opt/airflow/dags/pipeline_dag.py
[2026-03-28T09:17:23.507+0000] {logging_mixin.py:188} INFO - [2026-03-28T09:17:23.507+0000] {dag.py:3096} INFO - Sync 1 DAGs
[2026-03-28T09:17:23.516+0000] {logging_mixin.py:188} INFO - [2026-03-28T09:17:23.516+0000] {dag.py:3954} INFO - Setting next_dagrun for data_validation_pipeline to None, run_after=None
[2026-03-28T09:17:23.532+0000] {processor.py:183} INFO - Processing /opt/airflow/dags/pipeline_dag.py took 0.258 seconds
[2026-03-28T09:17:53.716+0000] {processor.py:161} INFO - Started process (PID=545) to work on /opt/airflow/dags/pipeline_dag.py
[2026-03-28T09:17:53.717+0000] {processor.py:830} INFO - Processing file /opt/airflow/dags/pipeline_dag.py for tasks to queue
[2026-03-28T09:17:53.719+0000] {logging_mixin.py:188} INFO - [2026-03-28T09:17:53.718+0000] {dagbag.py:545} INFO - Filling up the DagBag from /opt/airflow/dags/pipeline_dag.py
[2026-03-28T09:17:53.952+0000] {processor.py:840} INFO - DAG(s) 'data_validation_pipeline' retrieved from /opt/airflow/dags/pipeline_dag.py
[2026-03-28T09:17:53.973+0000] {logging_mixin.py:188} INFO - [2026-03-28T09:17:53.972+0000] {dag.py:3096} INFO - Sync 1 DAGs
[2026-03-28T09:17:53.983+0000] {logging_mixin.py:188} INFO - [2026-03-28T09:17:53.983+0000] {dag.py:3954} INFO - Setting next_dagrun for data_validation_pipeline to None, run_after=None
[2026-03-28T09:17:54.116+0000] {processor.py:183} INFO - Processing /opt/airflow/dags/pipeline_dag.py took 0.406 seconds
[2026-03-28T09:18:24.316+0000] {processor.py:161} INFO - Started process (PID=557) to work on /opt/airflow/dags/pipeline_dag.py
[2026-03-28T09:18:24.317+0000] {processor.py:830} INFO - Processing file /opt/airflow/dags/pipeline_dag.py for tasks to queue
[2026-03-28T09:18:24.318+0000] {logging_mixin.py:188} INFO - [2026-03-28T09:18:24.318+0000] {dagbag.py:545} INFO - Filling up the DagBag from /opt/airflow/dags/pipeline_dag.py
[2026-03-28T09:18:24.589+0000] {processor.py:840} INFO - DAG(s) 'data_validation_pipeline' retrieved from /opt/airflow/dags/pipeline_dag.py
[2026-03-28T09:18:24.610+0000] {logging_mixin.py:188} INFO - [2026-03-28T09:18:24.609+0000] {dag.py:3096} INFO - Sync 1 DAGs
[2026-03-28T09:18:24.621+0000] {logging_mixin.py:188} INFO - [2026-03-28T09:18:24.621+0000] {dag.py:3954} INFO - Setting next_dagrun for data_validation_pipeline to None, run_after=None
[2026-03-28T09:18:24.759+0000] {processor.py:183} INFO - Processing /opt/airflow/dags/pipeline_dag.py took 0.449 seconds
