[2026-03-28T08:56:07.845+0000] {manager.py:470} INFO - Processing files using up to 2 processes at a time 
[2026-03-28T08:56:07.847+0000] {manager.py:471} INFO - Process each file at most once every 30 seconds
[2026-03-28T08:56:07.848+0000] {manager.py:472} INFO - Checking for new files in /opt/airflow/dags every 300 seconds
[2026-03-28T08:56:07.849+0000] {manager.py:737} INFO - Searching for files in /opt/airflow/dags
[2026-03-28T08:56:07.856+0000] {manager.py:740} INFO - There are 0 files in /opt/airflow/dags
[2026-03-28T08:59:29.552+0000] {manager.py:452} INFO - Exiting gracefully upon receiving signal 15
[2026-03-28T09:00:06.984+0000] {manager.py:470} INFO - Processing files using up to 2 processes at a time 
[2026-03-28T09:00:06.985+0000] {manager.py:471} INFO - Process each file at most once every 30 seconds
[2026-03-28T09:00:06.986+0000] {manager.py:472} INFO - Checking for new files in /opt/airflow/dags every 300 seconds
[2026-03-28T09:00:06.986+0000] {manager.py:737} INFO - Searching for files in /opt/airflow/dags
[2026-03-28T09:00:07.047+0000] {manager.py:740} INFO - There are 1 files in /opt/airflow/dags
[2026-03-28T09:00:07.150+0000] {manager.py:878} INFO - 
================================================================================
DAG File Processing Stats

File Path                            PID  Runtime      # DAGs    # Errors  Last Runtime    Last Run
---------------------------------  -----  ---------  --------  ----------  --------------  ----------
/opt/airflow/dags/pipeline_dag.py    205  0.05s             0           0
================================================================================
[2026-03-28T09:00:37.315+0000] {manager.py:878} INFO - 
================================================================================
DAG File Processing Stats

File Path                          PID    Runtime      # DAGs    # Errors  Last Runtime    Last Run
---------------------------------  -----  ---------  --------  ----------  --------------  -------------------
/opt/airflow/dags/pipeline_dag.py                           1           0  1.25s           2026-03-28T09:00:08
================================================================================
[2026-03-28T09:01:07.667+0000] {manager.py:878} INFO - 
================================================================================
DAG File Processing Stats

File Path                          PID    Runtime      # DAGs    # Errors  Last Runtime    Last Run
---------------------------------  -----  ---------  --------  ----------  --------------  -------------------
/opt/airflow/dags/pipeline_dag.py                           1           0  0.32s           2026-03-28T09:00:38
================================================================================
[2026-03-28T09:01:37.812+0000] {manager.py:878} INFO - 
================================================================================
DAG File Processing Stats

File Path                          PID    Runtime      # DAGs    # Errors  Last Runtime    Last Run
---------------------------------  -----  ---------  --------  ----------  --------------  -------------------
/opt/airflow/dags/pipeline_dag.py                           1           0  0.68s           2026-03-28T09:01:09
================================================================================
[2026-03-28T09:02:07.986+0000] {manager.py:878} INFO - 
================================================================================
DAG File Processing Stats

File Path                          PID    Runtime      # DAGs    # Errors  Last Runtime    Last Run
---------------------------------  -----  ---------  --------  ----------  --------------  -------------------
/opt/airflow/dags/pipeline_dag.py                           1           0  0.38s           2026-03-28T09:01:40
================================================================================
[2026-03-28T09:02:38.499+0000] {manager.py:878} INFO - 
================================================================================
DAG File Processing Stats

File Path                          PID    Runtime      # DAGs    # Errors  Last Runtime    Last Run
---------------------------------  -----  ---------  --------  ----------  --------------  -------------------
/opt/airflow/dags/pipeline_dag.py                           1           0  0.40s           2026-03-28T09:02:10
================================================================================
[2026-03-28T09:03:09.117+0000] {manager.py:878} INFO - 
================================================================================
DAG File Processing Stats

File Path                          PID    Runtime      # DAGs    # Errors  Last Runtime    Last Run
---------------------------------  -----  ---------  --------  ----------  --------------  -------------------
/opt/airflow/dags/pipeline_dag.py                           1           0  0.40s           2026-03-28T09:02:41
================================================================================
[2026-03-28T09:03:39.274+0000] {manager.py:878} INFO - 
================================================================================
DAG File Processing Stats

File Path                          PID    Runtime      # DAGs    # Errors  Last Runtime    Last Run
---------------------------------  -----  ---------  --------  ----------  --------------  -------------------
/opt/airflow/dags/pipeline_dag.py                           1           0  0.55s           2026-03-28T09:03:12
================================================================================
[2026-03-28T09:04:09.442+0000] {manager.py:878} INFO - 
================================================================================
DAG File Processing Stats

File Path                          PID    Runtime      # DAGs    # Errors  Last Runtime    Last Run
---------------------------------  -----  ---------  --------  ----------  --------------  -------------------
/opt/airflow/dags/pipeline_dag.py                           1           0  0.38s           2026-03-28T09:03:42
================================================================================
[2026-03-28T09:04:18.378+0000] {manager.py:452} INFO - Exiting gracefully upon receiving signal 15
[2026-03-28T09:05:07.957+0000] {manager.py:470} INFO - Processing files using up to 2 processes at a time 
[2026-03-28T09:05:07.958+0000] {manager.py:471} INFO - Process each file at most once every 30 seconds
[2026-03-28T09:05:07.959+0000] {manager.py:472} INFO - Checking for new files in /opt/airflow/dags every 300 seconds
[2026-03-28T09:05:07.960+0000] {manager.py:737} INFO - Searching for files in /opt/airflow/dags
[2026-03-28T09:05:08.179+0000] {manager.py:740} INFO - There are 1 files in /opt/airflow/dags
[2026-03-28T09:05:08.303+0000] {manager.py:878} INFO - 
================================================================================
DAG File Processing Stats

File Path                            PID  Runtime      # DAGs    # Errors  Last Runtime    Last Run
---------------------------------  -----  ---------  --------  ----------  --------------  ----------
/opt/airflow/dags/pipeline_dag.py    213  0.05s             0           0
================================================================================
[2026-03-28T09:05:38.413+0000] {manager.py:878} INFO - 
================================================================================
DAG File Processing Stats

File Path                          PID    Runtime      # DAGs    # Errors  Last Runtime    Last Run
---------------------------------  -----  ---------  --------  ----------  --------------  -------------------
/opt/airflow/dags/pipeline_dag.py                           1           0  1.99s           2026-03-28T09:05:10
================================================================================
[2026-03-28T09:06:08.596+0000] {manager.py:878} INFO - 
================================================================================
DAG File Processing Stats

File Path                          PID    Runtime      # DAGs    # Errors  Last Runtime    Last Run
---------------------------------  -----  ---------  --------  ----------  --------------  -------------------
/opt/airflow/dags/pipeline_dag.py                           1           0  0.34s           2026-03-28T09:05:40
================================================================================
[2026-03-28T09:06:39.148+0000] {manager.py:878} INFO - 
================================================================================
DAG File Processing Stats

File Path                          PID    Runtime      # DAGs    # Errors  Last Runtime    Last Run
---------------------------------  -----  ---------  --------  ----------  --------------  -------------------
/opt/airflow/dags/pipeline_dag.py                           1           0  0.31s           2026-03-28T09:06:11
================================================================================
[2026-03-28T09:07:09.616+0000] {manager.py:878} INFO - 
================================================================================
DAG File Processing Stats

File Path                          PID    Runtime      # DAGs    # Errors  Last Runtime    Last Run
---------------------------------  -----  ---------  --------  ----------  --------------  -------------------
/opt/airflow/dags/pipeline_dag.py                           1           0  0.47s           2026-03-28T09:06:41
================================================================================
[2026-03-28T09:07:40.259+0000] {manager.py:878} INFO - 
================================================================================
DAG File Processing Stats

File Path                          PID    Runtime      # DAGs    # Errors  Last Runtime    Last Run
---------------------------------  -----  ---------  --------  ----------  --------------  -------------------
/opt/airflow/dags/pipeline_dag.py                           1           0  0.33s           2026-03-28T09:07:12
================================================================================
[2026-03-28T09:08:10.732+0000] {manager.py:878} INFO - 
================================================================================
DAG File Processing Stats

File Path                          PID    Runtime      # DAGs    # Errors  Last Runtime    Last Run
---------------------------------  -----  ---------  --------  ----------  --------------  -------------------
/opt/airflow/dags/pipeline_dag.py                           1           0  0.37s           2026-03-28T09:07:42
================================================================================
[2026-03-28T09:08:40.735+0000] {manager.py:878} INFO - 
================================================================================
DAG File Processing Stats

File Path                          PID    Runtime      # DAGs    # Errors  Last Runtime    Last Run
---------------------------------  -----  ---------  --------  ----------  --------------  -------------------
/opt/airflow/dags/pipeline_dag.py                           1           0  0.47s           2026-03-28T09:08:13
================================================================================
[2026-03-28T09:09:10.896+0000] {manager.py:878} INFO - 
================================================================================
DAG File Processing Stats

File Path                          PID    Runtime      # DAGs    # Errors  Last Runtime    Last Run
---------------------------------  -----  ---------  --------  ----------  --------------  -------------------
/opt/airflow/dags/pipeline_dag.py                           1           0  0.44s           2026-03-28T09:08:44
================================================================================
[2026-03-28T09:09:41.522+0000] {manager.py:878} INFO - 
================================================================================
DAG File Processing Stats

File Path                          PID    Runtime      # DAGs    # Errors  Last Runtime    Last Run
---------------------------------  -----  ---------  --------  ----------  --------------  -------------------
/opt/airflow/dags/pipeline_dag.py                           1           0  0.39s           2026-03-28T09:09:14
================================================================================
[2026-03-28T09:10:08.048+0000] {manager.py:737} INFO - Searching for files in /opt/airflow/dags
[2026-03-28T09:10:08.140+0000] {manager.py:740} INFO - There are 1 files in /opt/airflow/dags
[2026-03-28T09:10:12.170+0000] {manager.py:878} INFO - 
================================================================================
DAG File Processing Stats

File Path                          PID    Runtime      # DAGs    # Errors  Last Runtime    Last Run
---------------------------------  -----  ---------  --------  ----------  --------------  -------------------
/opt/airflow/dags/pipeline_dag.py                           1           0  0.35s           2026-03-28T09:09:45
================================================================================
[2026-03-28T09:10:42.591+0000] {manager.py:878} INFO - 
================================================================================
DAG File Processing Stats

File Path                          PID    Runtime      # DAGs    # Errors  Last Runtime    Last Run
---------------------------------  -----  ---------  --------  ----------  --------------  -------------------
/opt/airflow/dags/pipeline_dag.py                           1           0  0.34s           2026-03-28T09:10:15
================================================================================
[2026-03-28T09:11:13.135+0000] {manager.py:878} INFO - 
================================================================================
DAG File Processing Stats

File Path                          PID    Runtime      # DAGs    # Errors  Last Runtime    Last Run
---------------------------------  -----  ---------  --------  ----------  --------------  -------------------
/opt/airflow/dags/pipeline_dag.py                           1           0  0.30s           2026-03-28T09:10:46
================================================================================
[2026-03-28T09:11:43.583+0000] {manager.py:878} INFO - 
================================================================================
DAG File Processing Stats

File Path                          PID    Runtime      # DAGs    # Errors  Last Runtime    Last Run
---------------------------------  -----  ---------  --------  ----------  --------------  -------------------
/opt/airflow/dags/pipeline_dag.py                           1           0  0.34s           2026-03-28T09:11:16
================================================================================
[2026-03-28T09:12:13.671+0000] {manager.py:878} INFO - 
================================================================================
DAG File Processing Stats

File Path                          PID    Runtime      # DAGs    # Errors  Last Runtime    Last Run
---------------------------------  -----  ---------  --------  ----------  --------------  -------------------
/opt/airflow/dags/pipeline_dag.py                           1           0  0.57s           2026-03-28T09:11:47
================================================================================
[2026-03-28T09:12:43.845+0000] {manager.py:878} INFO - 
================================================================================
DAG File Processing Stats

File Path                          PID    Runtime      # DAGs    # Errors  Last Runtime    Last Run
---------------------------------  -----  ---------  --------  ----------  --------------  -------------------
/opt/airflow/dags/pipeline_dag.py                           1           0  0.35s           2026-03-28T09:12:18
================================================================================
